<?xml version="1.0" encoding="UTF-8"?>
<!-- Generated by org.testng.reporters.JUnitXMLReporter -->
<testsuite hostname="WINDOWS-CN1QL0J" ignored="0" name="Sprint1" tests="3" failures="1" timestamp="12 Jun 2018 11:18:00 GMT" time="0.117" errors="0">
  <testcase name="testFB" time="0.022" classname="TestNGClasses.TestCase1"/>
  <testcase name="testTwitter" time="0.003" classname="TestNGClasses.TestCase2"/>
  <testcase name="testWordpress" time="0.012" classname="TestNGClasses.TestCase3">
    <failure type="java.lang.AssertionError" message="expected [true] but found [false]">
      <![CDATA[java.lang.AssertionError: expected [true] but found [false]
at TestNGClasses.TestCase3.testWordpress(TestCase3.java:11)
... Removed 29 stack frames]]>
    </failure>
  </testcase> <!-- testWordpress -->
</testsuite> <!-- Sprint1 -->
