<?xml version="1.0" encoding="UTF-8"?>
<!-- Generated by org.testng.reporters.JUnitXMLReporter -->
<testsuite hostname="WINDOWS-CN1QL0J" ignored="1" name="Sprint1(failed)" tests="1" failures="1" timestamp="12 Jun 2018 11:34:28 GMT" time="0.04" errors="0">
  <testcase name="testWordpress" time="0.008" classname="TestNGClasses.TestCase3">
    <failure type="java.lang.AssertionError" message="expected [true] but found [false]">
      <![CDATA[java.lang.AssertionError: expected [true] but found [false]
at TestNGClasses.TestCase3.testWordpress(TestCase3.java:11)
at Runner.TestRunner.main(TestRunner.java:17)
... Removed 26 stack frames]]>
    </failure>
  </testcase> <!-- testWordpress -->
  <testcase name="testWordpress1" time="0.0" classname="TestNGClasses.TestCase3">
    <ignored/>
  </testcase> <!-- testWordpress1 -->
</testsuite> <!-- Sprint1(failed) -->
