<?xml version="1.0" encoding="UTF-8"?>
<!-- Generated by org.testng.reporters.JUnitXMLReporter -->
<testsuite hostname="WINDOWS-CN1QL0J" ignored="0" name="Test" tests="2" failures="1" timestamp="12 Jun 2018 13:38:45 GMT" time="7.432" errors="0">
  <testcase name="test2" time="0.015" classname="Listenners.MyFisrtTestCase">
    <failure type="java.lang.AssertionError" message="expected [true] but found [false]">
      <![CDATA[java.lang.AssertionError: expected [true] but found [false]
at Listenners.MyFisrtTestCase.test2(MyFisrtTestCase.java:30)
... Removed 29 stack frames]]>
    </failure>
  </testcase> <!-- test2 -->
  <testcase name="verifyGoogleTitile" time="7.38" classname="Listenners.MyFisrtTestCase"/>
</testsuite> <!-- Test -->
