<?xml version="1.0" encoding="UTF-8"?>
<testng-results skipped="0" failed="0" ignored="0" total="1" passed="1">
  <reporter-output>
  </reporter-output>
  <suite name="Default suite" duration-ms="51137" started-at="2018-06-11T08:02:28Z" finished-at="2018-06-11T08:03:20Z">
    <groups>
    </groups>
    <test name="Default test" duration-ms="51137" started-at="2018-06-11T08:02:28Z" finished-at="2018-06-11T08:03:20Z">
      <class name="demo.HandleModalWindow">
        <test-method status="PASS" signature="start()[pri:0, instance:demo.HandleModalWindow@51cdd8a]" name="start" duration-ms="51108" started-at="2018-06-11T08:02:28Z" finished-at="2018-06-11T08:03:20Z">
          <reporter-output>
          </reporter-output>
        </test-method> <!-- start -->
      </class> <!-- demo.HandleModalWindow -->
    </test> <!-- Default test -->
  </suite> <!-- Default suite -->
</testng-results>
