<?xml version="1.0" encoding="UTF-8"?>
<testng-results skipped="0" failed="0" ignored="0" total="3" passed="3">
  <reporter-output>
  </reporter-output>
  <suite name="Default suite" duration-ms="66" started-at="2018-07-26T12:40:20Z" finished-at="2018-07-26T12:40:20Z">
    <groups>
    </groups>
    <test name="Default test" duration-ms="66" started-at="2018-07-26T12:40:20Z" finished-at="2018-07-26T12:40:20Z">
      <class name="JavaLessons.Main">
        <test-method status="PASS" signature="test1()[pri:0, instance:JavaLessons.Main@1786dec2]" name="test1" duration-ms="19" started-at="2018-07-26T12:40:20Z" finished-at="2018-07-26T12:40:20Z">
          <reporter-output>
          </reporter-output>
        </test-method> <!-- test1 -->
        <test-method status="PASS" signature="test2()[pri:0, instance:JavaLessons.Main@1786dec2]" name="test2" duration-ms="4" started-at="2018-07-26T12:40:20Z" finished-at="2018-07-26T12:40:20Z">
          <reporter-output>
          </reporter-output>
        </test-method> <!-- test2 -->
        <test-method status="PASS" signature="test3()[pri:0, instance:JavaLessons.Main@1786dec2]" name="test3" duration-ms="2" started-at="2018-07-26T12:40:20Z" finished-at="2018-07-26T12:40:20Z">
          <reporter-output>
          </reporter-output>
        </test-method> <!-- test3 -->
      </class> <!-- JavaLessons.Main -->
    </test> <!-- Default test -->
  </suite> <!-- Default suite -->
</testng-results>
